<?xml version="1.0" encoding="UTF-8"?>
<!-- Generated by org.testng.reporters.JUnitReportReporter -->
<testsuite skipped="0" hostname="BSC-PF10PQM2" name="com.techbeamers.DefaultPriority" tests="4" failures="0" timestamp="2019-12-17T20:30:44 IST" time="0.020" errors="0">
  <testcase name="_Method" time="0.000" classname="com.techbeamers.DefaultPriority"/>
  <testcase name="PrintMethod" time="0.002" classname="com.techbeamers.DefaultPriority"/>
  <testcase name="$Method" time="0.014" classname="com.techbeamers.DefaultPriority"/>
  <testcase name="displayMethod" time="0.004" classname="com.techbeamers.DefaultPriority"/>
</testsuite> <!-- com.techbeamers.DefaultPriority -->
