<?xml version="1.0" encoding="UTF-8"?>
<!-- Generated by org.testng.reporters.JUnitReportReporter -->
<testsuite skipped="0" hostname="BSC-PF10PQM2" name="com.techbeamers.PrioritySet" tests="4" failures="0" timestamp="2019-12-18T05:50:31 IST" time="0.022" errors="0">
  <testcase name="NegativeP" time="0.010" classname="com.techbeamers.PrioritySet"/>
  <testcase name="ZerothP" time="0.001" classname="com.techbeamers.PrioritySet"/>
  <testcase name="PositiveP" time="0.005" classname="com.techbeamers.PrioritySet"/>
  <testcase name="SkippedP" time="0.006" classname="com.techbeamers.PrioritySet"/>
</testsuite> <!-- com.techbeamers.PrioritySet -->
