<?xml version="1.0" encoding="UTF-8"?>
<!-- Generated by org.testng.reporters.JUnitReportReporter -->
<testsuite skipped="0" hostname="BSC-PF10PQM2" name="com.techbeamers.TestClass" tests="2" failures="0" timestamp="2019-12-17T20:23:36 IST" time="0.009" errors="0">
  <testcase name="secondMethod" time="0.001" classname="com.techbeamers.TestClass"/>
  <testcase name="FirstMethod" time="0.008" classname="com.techbeamers.TestClass"/>
</testsuite> <!-- com.techbeamers.TestClass -->
