<?xml version="1.0" encoding="UTF-8"?>
<!-- Generated by org.testng.reporters.JUnitReportReporter -->
<testsuite skipped="0" hostname="BSC-PF10PQM2" name="com.techbeamers.DriverClass" tests="1" failures="0" timestamp="2019-12-17T19:41:01 IST" time="0.010" errors="0">
  <testcase name="DriverClassMethod" time="0.010" classname="com.techbeamers.DriverClass"/>
</testsuite> <!-- com.techbeamers.DriverClass -->
