<?xml version="1.0" encoding="UTF-8"?>
<!-- Generated by org.testng.reporters.JUnitReportReporter -->
<testsuite skipped="0" hostname="BSC-PF10PQM2" name="com.techbeamers.GroupsExample" tests="6" failures="0" timestamp="2019-12-18T11:40:03 IST" time="0.020" errors="0">
  <testcase name="G2Method1" time="0.003" classname="com.techbeamers.GroupsExample"/>
  <testcase name="G3Method1" time="0.002" classname="com.techbeamers.GroupsExample"/>
  <testcase name="G3Method2" time="0.002" classname="com.techbeamers.GroupsExample"/>
  <testcase name="G1Method2" time="0.002" classname="com.techbeamers.GroupsExample"/>
  <testcase name="G1Method1" time="0.009" classname="com.techbeamers.GroupsExample"/>
  <testcase name="G2Method2" time="0.002" classname="com.techbeamers.GroupsExample"/>
</testsuite> <!-- com.techbeamers.GroupsExample -->
