<?xml version="1.0" encoding="UTF-8"?>
<!-- Generated by org.testng.reporters.JUnitReportReporter -->
<testsuite skipped="0" hostname="BSC-PF10PQM2" name="com.techbeamers.PriorityValues" tests="3" failures="0" timestamp="2019-12-18T06:02:37 IST" time="0.009" errors="0">
  <testcase name="testB1" time="0.004" classname="com.techbeamers.PriorityValues"/>
  <testcase name="testB2" time="0.000" classname="com.techbeamers.PriorityValues"/>
  <testcase name="testB3" time="0.005" classname="com.techbeamers.PriorityValues"/>
</testsuite> <!-- com.techbeamers.PriorityValues -->
