<?xml version="1.0" encoding="UTF-8"?>
<!-- Generated by org.testng.reporters.JUnitReportReporter -->
<testsuite skipped="0" hostname="BSC-PF10PQM2" name="com.techbeamers.OverLoadedM" tests="2" failures="0" timestamp="2019-12-17T19:53:58 IST" time="0.019" errors="0">
  <testcase name="MultiplePara" time="0.013" classname="com.techbeamers.OverLoadedM"/>
  <testcase name="SignlePara" time="0.006" classname="com.techbeamers.OverLoadedM"/>
</testsuite> <!-- com.techbeamers.OverLoadedM -->
