<?xml version="1.0" encoding="UTF-8"?>
<!-- Generated by org.testng.reporters.JUnitReportReporter -->
<testsuite skipped="0" hostname="BSC-PF10PQM2" name="com.techbeamers.ChildClassOver" tests="2" failures="0" timestamp="2019-12-17T21:25:32 IST" time="0.014" errors="0">
  <testcase name="multipleMethod" time="0.011" classname="com.techbeamers.ChildClassOver"/>
  <testcase name="singleMethod" time="0.003" classname="com.techbeamers.ChildClassOver"/>
</testsuite> <!-- com.techbeamers.ChildClassOver -->
