<?xml version="1.0" encoding="UTF-8"?>
<!-- Generated by org.testng.reporters.JUnitReportReporter -->
<testsuite skipped="0" hostname="BSC-PF10PQM2" name="com.techbeamers.ParentClassOver" tests="1" failures="0" timestamp="2019-12-17T21:25:31 IST" time="0.002" errors="0">
  <testcase name="singleMethod" time="0.002" classname="com.techbeamers.ParentClassOver"/>
</testsuite> <!-- com.techbeamers.ParentClassOver -->
