<?xml version="1.0" encoding="UTF-8"?>
<!-- Generated by org.testng.reporters.JUnitReportReporter -->
<testsuite skipped="0" hostname="BSC-PF10PQM2" name="com.techbeamers.ParametersMethod" tests="2" failures="0" timestamp="2019-12-17T20:13:16 IST" time="0.016" errors="0">
  <testcase name="SingleParameter" time="0.000" classname="com.techbeamers.ParametersMethod"/>
  <testcase name="MultipleParameter" time="0.016" classname="com.techbeamers.ParametersMethod"/>
</testsuite> <!-- com.techbeamers.ParametersMethod -->
