<?xml version="1.0" encoding="UTF-8"?>
<!-- Generated by org.testng.reporters.JUnitReportReporter -->
<testsuite skipped="0" hostname="BSC-PF10PQM2" name="com.techbeamers.PriorityMixed" tests="4" failures="0" timestamp="2019-12-18T05:51:33 IST" time="0.026" errors="0">
  <testcase name="M1withPriority" time="0.018" classname="com.techbeamers.PriorityMixed"/>
  <testcase name="DispWithoutPriority" time="0.000" classname="com.techbeamers.PriorityMixed"/>
  <testcase name="PrintWithoutPriority" time="0.004" classname="com.techbeamers.PriorityMixed"/>
  <testcase name="M4withPriority" time="0.004" classname="com.techbeamers.PriorityMixed"/>
</testsuite> <!-- com.techbeamers.PriorityMixed -->
