<?xml version="1.0" encoding="UTF-8"?>
<!-- Generated by org.testng.reporters.JUnitReportReporter -->
<testsuite skipped="0" hostname="BSC-PF10PQM2" name="com.techbeamers.PriorityDuplicate" tests="4" failures="0" timestamp="2019-12-18T05:54:02 IST" time="0.015" errors="0">
  <testcase name="M1withPriority" time="0.013" classname="com.techbeamers.PriorityDuplicate"/>
  <testcase name="M4withPriority" time="0.002" classname="com.techbeamers.PriorityDuplicate"/>
  <testcase name="DuplicatePriorityMethod2" time="0.000" classname="com.techbeamers.PriorityDuplicate"/>
  <testcase name="DuplicatePriorityMethod1" time="0.000" classname="com.techbeamers.PriorityDuplicate"/>
</testsuite> <!-- com.techbeamers.PriorityDuplicate -->
