<?xml version="1.0" encoding="UTF-8"?>
<!-- Generated by org.testng.reporters.JUnitReportReporter -->
<testsuite skipped="0" hostname="BSC-PF10PQM2" name="com.techbeamers.ReturnValue" tests="2" failures="0" timestamp="2019-12-18T11:33:10 IST" time="0.010" errors="0">
  <testcase name="returnMethod" time="0.001" classname="com.techbeamers.ReturnValue"/>
  <testcase name="normalMethod" time="0.009" classname="com.techbeamers.ReturnValue"/>
</testsuite> <!-- com.techbeamers.ReturnValue -->
