<?xml version="1.0" encoding="UTF-8"?>
<!-- Generated by org.testng.reporters.JUnitReportReporter -->
<testsuite skipped="0" hostname="BSC-PF10PQM2" name="com.techinicial.OuterClass$InnerClass" tests="1" failures="0" timestamp="2019-12-17T19:28:02 IST" time="0.016" errors="0">
  <testcase name="innerMethod" time="0.016" classname="com.techinicial.OuterClass$InnerClass"/>
</testsuite> <!-- com.techinicial.OuterClass$InnerClass -->
