<?xml version="1.0" encoding="UTF-8"?>
<!-- Generated by org.testng.reporters.JUnitReportReporter -->
<testsuite skipped="0" hostname="BSC-PF10PQM2" name="com.techbeamers.PriorityEx" tests="3" failures="0" timestamp="2019-12-18T05:57:27 IST" time="0.010" errors="0">
  <testcase name="testA1" time="0.009" classname="com.techbeamers.PriorityEx"/>
  <testcase name="testA2" time="0.001" classname="com.techbeamers.PriorityEx"/>
  <testcase name="testA3" time="0.000" classname="com.techbeamers.PriorityEx"/>
</testsuite> <!-- com.techbeamers.PriorityEx -->
