<?xml version="1.0" encoding="UTF-8"?>
<!-- Generated by org.testng.reporters.JUnitReportReporter -->
<testsuite skipped="0" hostname="BSC-PF10PQM2" name="com.techbeamers.Research1" tests="3" failures="0" timestamp="2019-12-18T06:01:13 IST" time="0.013" errors="0">
  <testcase name="testA1" time="0.011" classname="com.techbeamers.Research1"/>
  <testcase name="testA2" time="0.002" classname="com.techbeamers.Research1"/>
  <testcase name="testA3" time="0.000" classname="com.techbeamers.Research1"/>
</testsuite> <!-- com.techbeamers.Research1 -->
