<?xml version="1.0" encoding="UTF-8"?>
<!-- Generated by org.testng.reporters.JUnitReportReporter -->
<testsuite skipped="0" hostname="BSC-PF10PQM2" name="com.techbeamers.GroupModule" tests="4" failures="0" timestamp="2019-12-18T11:48:22 IST" time="0.022" errors="0">
  <testcase name="Submodule11" time="0.014" classname="com.techbeamers.GroupModule"/>
  <testcase name="Submodule13" time="0.002" classname="com.techbeamers.GroupModule"/>
  <testcase name="Submodule14" time="0.002" classname="com.techbeamers.GroupModule"/>
  <testcase name="Submodule12" time="0.004" classname="com.techbeamers.GroupModule"/>
</testsuite> <!-- com.techbeamers.GroupModule -->
