<?xml version="1.0" encoding="UTF-8"?>
<!-- Generated by org.testng.reporters.JUnitReportReporter -->
<testsuite skipped="0" hostname="BSC-PF10PQM2" name="com.techbeamers.ChildClass" tests="2" failures="0" timestamp="2019-12-17T21:00:42 IST" time="0.005" errors="0">
  <testcase name="childMethod" time="0.004" classname="com.techbeamers.ChildClass"/>
  <testcase name="superMethod" time="0.001" classname="com.techbeamers.ChildClass"/>
</testsuite> <!-- com.techbeamers.ChildClass -->
