<?xml version="1.0" encoding="UTF-8"?>
<!-- Generated by org.testng.reporters.JUnitReportReporter -->
<testsuite skipped="0" hostname="BSC-PF10PQM2" name="com.techbeamers.GroupRegex" tests="1" failures="0" timestamp="2019-12-18T11:43:21 IST" time="0.009" errors="0">
  <testcase name="Group3Method3" time="0.009" classname="com.techbeamers.GroupRegex"/>
</testsuite> <!-- com.techbeamers.GroupRegex -->
