<?xml version="1.0" encoding="UTF-8"?>
<!-- Generated by org.testng.reporters.JUnitReportReporter -->
<testsuite skipped="0" hostname="BSC-PF10PQM2" name="com.techbeamers.Validation" tests="1" failures="0" timestamp="2019-12-17T19:23:20 IST" time="0.006" errors="0">
  <testcase name="validateValue" time="0.006" classname="com.techbeamers.Validation"/>
</testsuite> <!-- com.techbeamers.Validation -->
