<?xml version="1.0" encoding="UTF-8"?>
<!-- Generated by org.testng.reporters.JUnitReportReporter -->
<testsuite skipped="0" hostname="BSC-PF10PQM2" name="com.techbeamer.SeleniumWebdriverTest" tests="1" failures="0" timestamp="2019-12-18T11:16:57 IST" time="9.519" errors="0">
  <testcase name="firstTestNGTestCase" time="9.519" classname="com.techbeamer.SeleniumWebdriverTest"/>
</testsuite> <!-- com.techbeamer.SeleniumWebdriverTest -->
