<?xml version="1.0" encoding="UTF-8"?>
<!-- Generated by org.testng.reporters.JUnitReportReporter -->
<testsuite skipped="0" hostname="BSC-PF10PQM2" name="com.techbeamers.ParentClassPriority" tests="5" failures="0" timestamp="2019-12-17T21:13:41 IST" time="0.019" errors="0">
  <testcase name="_Method" time="0.001" classname="com.techbeamers.ParentClassPriority"/>
  <testcase name="printMethod" time="0.002" classname="com.techbeamers.ParentClassPriority"/>
  <testcase name="PrintMethod" time="0.004" classname="com.techbeamers.ParentClassPriority"/>
  <testcase name="$Method" time="0.010" classname="com.techbeamers.ParentClassPriority"/>
  <testcase name="displayMethod" time="0.002" classname="com.techbeamers.ParentClassPriority"/>
</testsuite> <!-- com.techbeamers.ParentClassPriority -->
