<?xml version="1.0" encoding="UTF-8"?>
<!-- Generated by org.testng.reporters.JUnitReportReporter -->
<testsuite skipped="0" hostname="BSC-PF10PQM2" name="com.techbeamers.ParentClass" tests="1" failures="0" timestamp="2019-12-17T21:00:42 IST" time="0.012" errors="0">
  <testcase name="superMethod" time="0.012" classname="com.techbeamers.ParentClass"/>
</testsuite> <!-- com.techbeamers.ParentClass -->
