<?xml version="1.0" encoding="UTF-8"?>
<!-- Generated by org.testng.reporters.JUnitReportReporter -->
<testsuite skipped="0" hostname="BSC-PF10PQM2" name="com.techbeamers.PriorityValue" tests="3" failures="0" timestamp="2019-12-18T06:02:37 IST" time="0.013" errors="0">
  <testcase name="testA1" time="0.009" classname="com.techbeamers.PriorityValue"/>
  <testcase name="testA2" time="0.001" classname="com.techbeamers.PriorityValue"/>
  <testcase name="testA3" time="0.003" classname="com.techbeamers.PriorityValue"/>
</testsuite> <!-- com.techbeamers.PriorityValue -->
