<?xml version="1.0" encoding="UTF-8"?>
<!-- Generated by org.testng.reporters.JUnitReportReporter -->
<testsuite skipped="0" hostname="BSC-PF10PQM2" name="com.techbeamers.ChildClassPriority" tests="5" failures="0" timestamp="2019-12-17T21:13:41 IST" time="0.009" errors="0">
  <testcase name="displayMethod" time="0.003" classname="com.techbeamers.ChildClassPriority"/>
  <testcase name="printMethod" time="0.003" classname="com.techbeamers.ChildClassPriority"/>
  <testcase name="$Method" time="0.001" classname="com.techbeamers.ChildClassPriority"/>
  <testcase name="_Method" time="0.000" classname="com.techbeamers.ChildClassPriority"/>
  <testcase name="PrintMethod" time="0.002" classname="com.techbeamers.ChildClassPriority"/>
</testsuite> <!-- com.techbeamers.ChildClassPriority -->
