<?xml version="1.0" encoding="UTF-8"?>
<!-- Generated by org.testng.reporters.JUnitReportReporter -->
<testsuite skipped="0" hostname="BSC-PF10PQM2" name="com.techbeamers.GroupMultiple" tests="4" failures="0" timestamp="2019-12-18T11:40:30 IST" time="0.031" errors="0">
  <testcase name="MethodsBelongToG1G2G3" time="0.005" classname="com.techbeamers.GroupMultiple"/>
  <testcase name="MethodsBelongToG1G2" time="0.002" classname="com.techbeamers.GroupMultiple"/>
  <testcase name="MethodsBelongToG1" time="0.018" classname="com.techbeamers.GroupMultiple"/>
  <testcase name="MethodsBelongToG1G3" time="0.006" classname="com.techbeamers.GroupMultiple"/>
</testsuite> <!-- com.techbeamers.GroupMultiple -->
